2025-05-20 01:46:44,746 - INFO - 自動処理を開始（チェック間隔: 1800秒）
2025-05-20 01:46:44,748 - INFO - 新しいファイルはありません
2025-05-20 01:46:44,749 - INFO - 次のチェックまで1800秒待機...
2025-05-20 01:48:28,847 - INFO - 自動処理を開始（チェック間隔: 1800秒）
2025-05-20 01:48:28,849 - INFO - 新しいファイルはありません
2025-05-20 01:48:28,849 - INFO - 次のチェックまで1800秒待機...
01:50 - 自動処理を開始（チェック間隔: 30分）
01:50 - 新しいファイルはありません
01:50 - 次のチェックまで30分待機...
01:57 - 自動処理を開始（チェック間隔: 30分）
01:57 - 新しいファイルはありません
01:57 - 次のチェックまで30分待機...
02:04 - 自動処理を開始（チェック間隔: 30分）
02:04 - 新しいファイルはありません
02:04 - 次のチェックまで30分待機...
02:04 - 自動処理を開始（チェック間隔: 30分）
02:04 - 新しいファイルはありません
02:04 - 次のチェックまで30分待機...
02:04 - 自動処理を開始（チェック間隔: 30分）
02:04 - 新しいファイルはありません
02:04 - 次のチェックまで30分待機...
02:05 - 自動処理を開始（チェック間隔: 30分）
02:05 - 新しいファイルはありません
02:05 - 次のチェックまで30分待機...
